<?xml version="1.0" encoding="UTF-8"?>
<<<<<<< HEAD
<testsuite xmlns:xsi="http://www.w3.org/2001/XMLSchema-instance" xsi:noNamespaceSchemaLocation="https://maven.apache.org/surefire/maven-surefire-plugin/xsd/surefire-test-report.xsd" name="com.example.demo.controller.ContactoControllerTest" time="4.733" tests="4" errors="0" skipped="0" failures="1">
=======
<testsuite xmlns:xsi="http://www.w3.org/2001/XMLSchema-instance" xsi:noNamespaceSchemaLocation="https://maven.apache.org/surefire/maven-surefire-plugin/xsd/surefire-test-report.xsd" name="com.example.demo.controller.ContactoControllerTest" time="1.931" tests="1" errors="0" skipped="0" failures="0">
>>>>>>> 24980695be28da70db21e46872ae65b0e59e49ea
  <properties>
    <property name="java.specification.version" value="17"/>
    <property name="sun.jnu.encoding" value="UTF-8"/>
    <property name="java.class.path" value="/Users/sergiocuencanunez/Documents/ICAI/3º GITT+BA/Asignaturas/2º Cuatrimestre/PAT | Programación de Aplicaciones Telemáticas/Prácticas/Práctica Final/target/test-classes:/Users/sergiocuencanunez/Documents/ICAI/3º GITT+BA/Asignaturas/2º Cuatrimestre/PAT | Programación de Aplicaciones Telemáticas/Prácticas/Práctica Final/target/classes:/Users/sergiocuencanunez/.m2/repository/org/springframework/boot/spring-boot-starter-data-jdbc/2.6.5/spring-boot-starter-data-jdbc-2.6.5.jar:/Users/sergiocuencanunez/.m2/repository/org/springframework/boot/spring-boot-starter-jdbc/2.6.5/spring-boot-starter-jdbc-2.6.5.jar:/Users/sergiocuencanunez/.m2/repository/com/zaxxer/HikariCP/4.0.3/HikariCP-4.0.3.jar:/Users/sergiocuencanunez/.m2/repository/org/springframework/spring-jdbc/5.3.17/spring-jdbc-5.3.17.jar:/Users/sergiocuencanunez/.m2/repository/org/springframework/data/spring-data-jdbc/2.3.3/spring-data-jdbc-2.3.3.jar:/Users/sergiocuencanunez/.m2/repository/org/springframework/data/spring-data-relational/2.3.3/spring-data-relational-2.3.3.jar:/Users/sergiocuencanunez/.m2/repository/org/springframework/data/spring-data-commons/2.6.3/spring-data-commons-2.6.3.jar:/Users/sergiocuencanunez/.m2/repository/org/springframework/spring-tx/5.3.17/spring-tx-5.3.17.jar:/Users/sergiocuencanunez/.m2/repository/org/springframework/spring-context/5.3.17/spring-context-5.3.17.jar:/Users/sergiocuencanunez/.m2/repository/org/springframework/spring-beans/5.3.17/spring-beans-5.3.17.jar:/Users/sergiocuencanunez/.m2/repository/org/slf4j/slf4j-api/1.7.36/slf4j-api-1.7.36.jar:/Users/sergiocuencanunez/.m2/repository/org/springframework/boot/spring-boot-starter-web/2.6.5/spring-boot-starter-web-2.6.5.jar:/Users/sergiocuencanunez/.m2/repository/org/springframework/boot/spring-boot-starter/2.6.5/spring-boot-starter-2.6.5.jar:/Users/sergiocuencanunez/.m2/repository/org/springframework/boot/spring-boot/2.6.5/spring-boot-2.6.5.jar:/Users/sergiocuencanunez/.m2/repository/org/springframework/boot/spring-boot-autoconfigure/2.6.5/spring-boot-autoconfigure-2.6.5.jar:/Users/sergiocuencanunez/.m2/repository/org/springframework/boot/spring-boot-starter-logging/2.6.5/spring-boot-starter-logging-2.6.5.jar:/Users/sergiocuencanunez/.m2/repository/ch/qos/logback/logback-classic/1.2.11/logback-classic-1.2.11.jar:/Users/sergiocuencanunez/.m2/repository/ch/qos/logback/logback-core/1.2.11/logback-core-1.2.11.jar:/Users/sergiocuencanunez/.m2/repository/org/apache/logging/log4j/log4j-to-slf4j/2.17.2/log4j-to-slf4j-2.17.2.jar:/Users/sergiocuencanunez/.m2/repository/org/apache/logging/log4j/log4j-api/2.17.2/log4j-api-2.17.2.jar:/Users/sergiocuencanunez/.m2/repository/org/slf4j/jul-to-slf4j/1.7.36/jul-to-slf4j-1.7.36.jar:/Users/sergiocuencanunez/.m2/repository/jakarta/annotation/jakarta.annotation-api/1.3.5/jakarta.annotation-api-1.3.5.jar:/Users/sergiocuencanunez/.m2/repository/org/yaml/snakeyaml/1.29/snakeyaml-1.29.jar:/Users/sergiocuencanunez/.m2/repository/org/springframework/boot/spring-boot-starter-json/2.6.5/spring-boot-starter-json-2.6.5.jar:/Users/sergiocuencanunez/.m2/repository/com/fasterxml/jackson/core/jackson-databind/2.13.2/jackson-databind-2.13.2.jar:/Users/sergiocuencanunez/.m2/repository/com/fasterxml/jackson/core/jackson-annotations/2.13.2/jackson-annotations-2.13.2.jar:/Users/sergiocuencanunez/.m2/repository/com/fasterxml/jackson/core/jackson-core/2.13.2/jackson-core-2.13.2.jar:/Users/sergiocuencanunez/.m2/repository/com/fasterxml/jackson/datatype/jackson-datatype-jdk8/2.13.2/jackson-datatype-jdk8-2.13.2.jar:/Users/sergiocuencanunez/.m2/repository/com/fasterxml/jackson/datatype/jackson-datatype-jsr310/2.13.2/jackson-datatype-jsr310-2.13.2.jar:/Users/sergiocuencanunez/.m2/repository/com/fasterxml/jackson/module/jackson-module-parameter-names/2.13.2/jackson-module-parameter-names-2.13.2.jar:/Users/sergiocuencanunez/.m2/repository/org/springframework/boot/spring-boot-starter-tomcat/2.6.5/spring-boot-starter-tomcat-2.6.5.jar:/Users/sergiocuencanunez/.m2/repository/org/apache/tomcat/embed/tomcat-embed-core/9.0.60/tomcat-embed-core-9.0.60.jar:/Users/sergiocuencanunez/.m2/repository/org/apache/tomcat/embed/tomcat-embed-websocket/9.0.60/tomcat-embed-websocket-9.0.60.jar:/Users/sergiocuencanunez/.m2/repository/org/springframework/spring-web/5.3.17/spring-web-5.3.17.jar:/Users/sergiocuencanunez/.m2/repository/org/springframework/spring-webmvc/5.3.17/spring-webmvc-5.3.17.jar:/Users/sergiocuencanunez/.m2/repository/org/springframework/spring-aop/5.3.17/spring-aop-5.3.17.jar:/Users/sergiocuencanunez/.m2/repository/org/springframework/spring-expression/5.3.17/spring-expression-5.3.17.jar:/Users/sergiocuencanunez/.m2/repository/com/h2database/h2/1.4.200/h2-1.4.200.jar:/Users/sergiocuencanunez/.m2/repository/org/projectlombok/lombok/1.18.22/lombok-1.18.22.jar:/Users/sergiocuencanunez/.m2/repository/org/springframework/boot/spring-boot-starter-validation/2.6.5/spring-boot-starter-validation-2.6.5.jar:/Users/sergiocuencanunez/.m2/repository/org/apache/tomcat/embed/tomcat-embed-el/9.0.60/tomcat-embed-el-9.0.60.jar:/Users/sergiocuencanunez/.m2/repository/org/hibernate/validator/hibernate-validator/6.2.3.Final/hibernate-validator-6.2.3.Final.jar:/Users/sergiocuencanunez/.m2/repository/jakarta/validation/jakarta.validation-api/2.0.2/jakarta.validation-api-2.0.2.jar:/Users/sergiocuencanunez/.m2/repository/org/jboss/logging/jboss-logging/3.4.3.Final/jboss-logging-3.4.3.Final.jar:/Users/sergiocuencanunez/.m2/repository/com/fasterxml/classmate/1.5.1/classmate-1.5.1.jar:/Users/sergiocuencanunez/.m2/repository/org/springframework/boot/spring-boot-starter-test/2.6.5/spring-boot-starter-test-2.6.5.jar:/Users/sergiocuencanunez/.m2/repository/org/springframework/boot/spring-boot-test/2.6.5/spring-boot-test-2.6.5.jar:/Users/sergiocuencanunez/.m2/repository/org/springframework/boot/spring-boot-test-autoconfigure/2.6.5/spring-boot-test-autoconfigure-2.6.5.jar:/Users/sergiocuencanunez/.m2/repository/com/jayway/jsonpath/json-path/2.6.0/json-path-2.6.0.jar:/Users/sergiocuencanunez/.m2/repository/net/minidev/json-smart/2.4.8/json-smart-2.4.8.jar:/Users/sergiocuencanunez/.m2/repository/net/minidev/accessors-smart/2.4.8/accessors-smart-2.4.8.jar:/Users/sergiocuencanunez/.m2/repository/org/ow2/asm/asm/9.1/asm-9.1.jar:/Users/sergiocuencanunez/.m2/repository/jakarta/xml/bind/jakarta.xml.bind-api/2.3.3/jakarta.xml.bind-api-2.3.3.jar:/Users/sergiocuencanunez/.m2/repository/jakarta/activation/jakarta.activation-api/1.2.2/jakarta.activation-api-1.2.2.jar:/Users/sergiocuencanunez/.m2/repository/org/assertj/assertj-core/3.21.0/assertj-core-3.21.0.jar:/Users/sergiocuencanunez/.m2/repository/org/hamcrest/hamcrest/2.2/hamcrest-2.2.jar:/Users/sergiocuencanunez/.m2/repository/org/junit/jupiter/junit-jupiter/5.8.2/junit-jupiter-5.8.2.jar:/Users/sergiocuencanunez/.m2/repository/org/junit/jupiter/junit-jupiter-api/5.8.2/junit-jupiter-api-5.8.2.jar:/Users/sergiocuencanunez/.m2/repository/org/opentest4j/opentest4j/1.2.0/opentest4j-1.2.0.jar:/Users/sergiocuencanunez/.m2/repository/org/junit/platform/junit-platform-commons/1.8.2/junit-platform-commons-1.8.2.jar:/Users/sergiocuencanunez/.m2/repository/org/apiguardian/apiguardian-api/1.1.2/apiguardian-api-1.1.2.jar:/Users/sergiocuencanunez/.m2/repository/org/junit/jupiter/junit-jupiter-params/5.8.2/junit-jupiter-params-5.8.2.jar:/Users/sergiocuencanunez/.m2/repository/org/junit/jupiter/junit-jupiter-engine/5.8.2/junit-jupiter-engine-5.8.2.jar:/Users/sergiocuencanunez/.m2/repository/org/junit/platform/junit-platform-engine/1.8.2/junit-platform-engine-1.8.2.jar:/Users/sergiocuencanunez/.m2/repository/org/mockito/mockito-core/4.0.0/mockito-core-4.0.0.jar:/Users/sergiocuencanunez/.m2/repository/net/bytebuddy/byte-buddy/1.11.22/byte-buddy-1.11.22.jar:/Users/sergiocuencanunez/.m2/repository/net/bytebuddy/byte-buddy-agent/1.11.22/byte-buddy-agent-1.11.22.jar:/Users/sergiocuencanunez/.m2/repository/org/objenesis/objenesis/3.2/objenesis-3.2.jar:/Users/sergiocuencanunez/.m2/repository/org/mockito/mockito-junit-jupiter/4.0.0/mockito-junit-jupiter-4.0.0.jar:/Users/sergiocuencanunez/.m2/repository/org/skyscreamer/jsonassert/1.5.0/jsonassert-1.5.0.jar:/Users/sergiocuencanunez/.m2/repository/com/vaadin/external/google/android-json/0.0.20131108.vaadin1/android-json-0.0.20131108.vaadin1.jar:/Users/sergiocuencanunez/.m2/repository/org/springframework/spring-core/5.3.17/spring-core-5.3.17.jar:/Users/sergiocuencanunez/.m2/repository/org/springframework/spring-jcl/5.3.17/spring-jcl-5.3.17.jar:/Users/sergiocuencanunez/.m2/repository/org/springframework/spring-test/5.3.17/spring-test-5.3.17.jar:/Users/sergiocuencanunez/.m2/repository/org/xmlunit/xmlunit-core/2.8.4/xmlunit-core-2.8.4.jar:/Users/sergiocuencanunez/.m2/repository/com/github/migangqui/serveo-spring-boot-starter/1.1/serveo-spring-boot-starter-1.1.jar:/Users/sergiocuencanunez/.m2/repository/org/apache/commons/commons-lang3/3.12.0/commons-lang3-3.12.0.jar:/Users/sergiocuencanunez/.m2/repository/com/github/migangqui/spring-boot-starter-serveo/1.1/spring-boot-starter-serveo-1.1.jar:"/>
    <property name="java.vm.vendor" value="Oracle Corporation"/>
    <property name="sun.arch.data.model" value="64"/>
    <property name="java.vendor.url" value="https://java.oracle.com/"/>
    <property name="os.name" value="Mac OS X"/>
    <property name="java.vm.specification.version" value="17"/>
    <property name="sun.java.launcher" value="SUN_STANDARD"/>
    <property name="user.country" value="ES"/>
<<<<<<< HEAD
    <property name="sun.boot.library.path" value="C:\Program Files\Java\jdk-17.0.1\bin"/>
    <property name="sun.java.command" value="C:\Users\Elena\AppData\Local\Temp\surefire4727501545229932026\surefirebooter17226221282308457886.jar C:\Users\Elena\AppData\Local\Temp\surefire4727501545229932026 2022-05-04T16-42-24_831-jvmRun1 surefire7298380476113971955tmp surefire_04041312185582981661tmp"/>
=======
    <property name="sun.boot.library.path" value="/Library/Java/JavaVirtualMachines/jdk-17.0.2.jdk/Contents/Home/lib"/>
    <property name="sun.java.command" value="/Users/sergiocuencanunez/Documents/ICAI/3º GITT+BA/Asignaturas/2º Cuatrimestre/PAT | Programación de Aplicaciones Telemáticas/Prácticas/Práctica Final/target/surefire/surefirebooter9026569927503203756.jar /Users/sergiocuencanunez/Documents/ICAI/3º GITT+BA/Asignaturas/2º Cuatrimestre/PAT | Programación de Aplicaciones Telemáticas/Prácticas/Práctica Final/target/surefire 2022-05-04T13-47-59_633-jvmRun1 surefire14274093493536568590tmp surefire_0713491887680084241tmp"/>
    <property name="http.nonProxyHosts" value="local|*.local|169.254/16|*.169.254/16"/>
>>>>>>> 24980695be28da70db21e46872ae65b0e59e49ea
    <property name="jdk.debug" value="release"/>
    <property name="surefire.test.class.path" value="/Users/sergiocuencanunez/Documents/ICAI/3º GITT+BA/Asignaturas/2º Cuatrimestre/PAT | Programación de Aplicaciones Telemáticas/Prácticas/Práctica Final/target/test-classes:/Users/sergiocuencanunez/Documents/ICAI/3º GITT+BA/Asignaturas/2º Cuatrimestre/PAT | Programación de Aplicaciones Telemáticas/Prácticas/Práctica Final/target/classes:/Users/sergiocuencanunez/.m2/repository/org/springframework/boot/spring-boot-starter-data-jdbc/2.6.5/spring-boot-starter-data-jdbc-2.6.5.jar:/Users/sergiocuencanunez/.m2/repository/org/springframework/boot/spring-boot-starter-jdbc/2.6.5/spring-boot-starter-jdbc-2.6.5.jar:/Users/sergiocuencanunez/.m2/repository/com/zaxxer/HikariCP/4.0.3/HikariCP-4.0.3.jar:/Users/sergiocuencanunez/.m2/repository/org/springframework/spring-jdbc/5.3.17/spring-jdbc-5.3.17.jar:/Users/sergiocuencanunez/.m2/repository/org/springframework/data/spring-data-jdbc/2.3.3/spring-data-jdbc-2.3.3.jar:/Users/sergiocuencanunez/.m2/repository/org/springframework/data/spring-data-relational/2.3.3/spring-data-relational-2.3.3.jar:/Users/sergiocuencanunez/.m2/repository/org/springframework/data/spring-data-commons/2.6.3/spring-data-commons-2.6.3.jar:/Users/sergiocuencanunez/.m2/repository/org/springframework/spring-tx/5.3.17/spring-tx-5.3.17.jar:/Users/sergiocuencanunez/.m2/repository/org/springframework/spring-context/5.3.17/spring-context-5.3.17.jar:/Users/sergiocuencanunez/.m2/repository/org/springframework/spring-beans/5.3.17/spring-beans-5.3.17.jar:/Users/sergiocuencanunez/.m2/repository/org/slf4j/slf4j-api/1.7.36/slf4j-api-1.7.36.jar:/Users/sergiocuencanunez/.m2/repository/org/springframework/boot/spring-boot-starter-web/2.6.5/spring-boot-starter-web-2.6.5.jar:/Users/sergiocuencanunez/.m2/repository/org/springframework/boot/spring-boot-starter/2.6.5/spring-boot-starter-2.6.5.jar:/Users/sergiocuencanunez/.m2/repository/org/springframework/boot/spring-boot/2.6.5/spring-boot-2.6.5.jar:/Users/sergiocuencanunez/.m2/repository/org/springframework/boot/spring-boot-autoconfigure/2.6.5/spring-boot-autoconfigure-2.6.5.jar:/Users/sergiocuencanunez/.m2/repository/org/springframework/boot/spring-boot-starter-logging/2.6.5/spring-boot-starter-logging-2.6.5.jar:/Users/sergiocuencanunez/.m2/repository/ch/qos/logback/logback-classic/1.2.11/logback-classic-1.2.11.jar:/Users/sergiocuencanunez/.m2/repository/ch/qos/logback/logback-core/1.2.11/logback-core-1.2.11.jar:/Users/sergiocuencanunez/.m2/repository/org/apache/logging/log4j/log4j-to-slf4j/2.17.2/log4j-to-slf4j-2.17.2.jar:/Users/sergiocuencanunez/.m2/repository/org/apache/logging/log4j/log4j-api/2.17.2/log4j-api-2.17.2.jar:/Users/sergiocuencanunez/.m2/repository/org/slf4j/jul-to-slf4j/1.7.36/jul-to-slf4j-1.7.36.jar:/Users/sergiocuencanunez/.m2/repository/jakarta/annotation/jakarta.annotation-api/1.3.5/jakarta.annotation-api-1.3.5.jar:/Users/sergiocuencanunez/.m2/repository/org/yaml/snakeyaml/1.29/snakeyaml-1.29.jar:/Users/sergiocuencanunez/.m2/repository/org/springframework/boot/spring-boot-starter-json/2.6.5/spring-boot-starter-json-2.6.5.jar:/Users/sergiocuencanunez/.m2/repository/com/fasterxml/jackson/core/jackson-databind/2.13.2/jackson-databind-2.13.2.jar:/Users/sergiocuencanunez/.m2/repository/com/fasterxml/jackson/core/jackson-annotations/2.13.2/jackson-annotations-2.13.2.jar:/Users/sergiocuencanunez/.m2/repository/com/fasterxml/jackson/core/jackson-core/2.13.2/jackson-core-2.13.2.jar:/Users/sergiocuencanunez/.m2/repository/com/fasterxml/jackson/datatype/jackson-datatype-jdk8/2.13.2/jackson-datatype-jdk8-2.13.2.jar:/Users/sergiocuencanunez/.m2/repository/com/fasterxml/jackson/datatype/jackson-datatype-jsr310/2.13.2/jackson-datatype-jsr310-2.13.2.jar:/Users/sergiocuencanunez/.m2/repository/com/fasterxml/jackson/module/jackson-module-parameter-names/2.13.2/jackson-module-parameter-names-2.13.2.jar:/Users/sergiocuencanunez/.m2/repository/org/springframework/boot/spring-boot-starter-tomcat/2.6.5/spring-boot-starter-tomcat-2.6.5.jar:/Users/sergiocuencanunez/.m2/repository/org/apache/tomcat/embed/tomcat-embed-core/9.0.60/tomcat-embed-core-9.0.60.jar:/Users/sergiocuencanunez/.m2/repository/org/apache/tomcat/embed/tomcat-embed-websocket/9.0.60/tomcat-embed-websocket-9.0.60.jar:/Users/sergiocuencanunez/.m2/repository/org/springframework/spring-web/5.3.17/spring-web-5.3.17.jar:/Users/sergiocuencanunez/.m2/repository/org/springframework/spring-webmvc/5.3.17/spring-webmvc-5.3.17.jar:/Users/sergiocuencanunez/.m2/repository/org/springframework/spring-aop/5.3.17/spring-aop-5.3.17.jar:/Users/sergiocuencanunez/.m2/repository/org/springframework/spring-expression/5.3.17/spring-expression-5.3.17.jar:/Users/sergiocuencanunez/.m2/repository/com/h2database/h2/1.4.200/h2-1.4.200.jar:/Users/sergiocuencanunez/.m2/repository/org/projectlombok/lombok/1.18.22/lombok-1.18.22.jar:/Users/sergiocuencanunez/.m2/repository/org/springframework/boot/spring-boot-starter-validation/2.6.5/spring-boot-starter-validation-2.6.5.jar:/Users/sergiocuencanunez/.m2/repository/org/apache/tomcat/embed/tomcat-embed-el/9.0.60/tomcat-embed-el-9.0.60.jar:/Users/sergiocuencanunez/.m2/repository/org/hibernate/validator/hibernate-validator/6.2.3.Final/hibernate-validator-6.2.3.Final.jar:/Users/sergiocuencanunez/.m2/repository/jakarta/validation/jakarta.validation-api/2.0.2/jakarta.validation-api-2.0.2.jar:/Users/sergiocuencanunez/.m2/repository/org/jboss/logging/jboss-logging/3.4.3.Final/jboss-logging-3.4.3.Final.jar:/Users/sergiocuencanunez/.m2/repository/com/fasterxml/classmate/1.5.1/classmate-1.5.1.jar:/Users/sergiocuencanunez/.m2/repository/org/springframework/boot/spring-boot-starter-test/2.6.5/spring-boot-starter-test-2.6.5.jar:/Users/sergiocuencanunez/.m2/repository/org/springframework/boot/spring-boot-test/2.6.5/spring-boot-test-2.6.5.jar:/Users/sergiocuencanunez/.m2/repository/org/springframework/boot/spring-boot-test-autoconfigure/2.6.5/spring-boot-test-autoconfigure-2.6.5.jar:/Users/sergiocuencanunez/.m2/repository/com/jayway/jsonpath/json-path/2.6.0/json-path-2.6.0.jar:/Users/sergiocuencanunez/.m2/repository/net/minidev/json-smart/2.4.8/json-smart-2.4.8.jar:/Users/sergiocuencanunez/.m2/repository/net/minidev/accessors-smart/2.4.8/accessors-smart-2.4.8.jar:/Users/sergiocuencanunez/.m2/repository/org/ow2/asm/asm/9.1/asm-9.1.jar:/Users/sergiocuencanunez/.m2/repository/jakarta/xml/bind/jakarta.xml.bind-api/2.3.3/jakarta.xml.bind-api-2.3.3.jar:/Users/sergiocuencanunez/.m2/repository/jakarta/activation/jakarta.activation-api/1.2.2/jakarta.activation-api-1.2.2.jar:/Users/sergiocuencanunez/.m2/repository/org/assertj/assertj-core/3.21.0/assertj-core-3.21.0.jar:/Users/sergiocuencanunez/.m2/repository/org/hamcrest/hamcrest/2.2/hamcrest-2.2.jar:/Users/sergiocuencanunez/.m2/repository/org/junit/jupiter/junit-jupiter/5.8.2/junit-jupiter-5.8.2.jar:/Users/sergiocuencanunez/.m2/repository/org/junit/jupiter/junit-jupiter-api/5.8.2/junit-jupiter-api-5.8.2.jar:/Users/sergiocuencanunez/.m2/repository/org/opentest4j/opentest4j/1.2.0/opentest4j-1.2.0.jar:/Users/sergiocuencanunez/.m2/repository/org/junit/platform/junit-platform-commons/1.8.2/junit-platform-commons-1.8.2.jar:/Users/sergiocuencanunez/.m2/repository/org/apiguardian/apiguardian-api/1.1.2/apiguardian-api-1.1.2.jar:/Users/sergiocuencanunez/.m2/repository/org/junit/jupiter/junit-jupiter-params/5.8.2/junit-jupiter-params-5.8.2.jar:/Users/sergiocuencanunez/.m2/repository/org/junit/jupiter/junit-jupiter-engine/5.8.2/junit-jupiter-engine-5.8.2.jar:/Users/sergiocuencanunez/.m2/repository/org/junit/platform/junit-platform-engine/1.8.2/junit-platform-engine-1.8.2.jar:/Users/sergiocuencanunez/.m2/repository/org/mockito/mockito-core/4.0.0/mockito-core-4.0.0.jar:/Users/sergiocuencanunez/.m2/repository/net/bytebuddy/byte-buddy/1.11.22/byte-buddy-1.11.22.jar:/Users/sergiocuencanunez/.m2/repository/net/bytebuddy/byte-buddy-agent/1.11.22/byte-buddy-agent-1.11.22.jar:/Users/sergiocuencanunez/.m2/repository/org/objenesis/objenesis/3.2/objenesis-3.2.jar:/Users/sergiocuencanunez/.m2/repository/org/mockito/mockito-junit-jupiter/4.0.0/mockito-junit-jupiter-4.0.0.jar:/Users/sergiocuencanunez/.m2/repository/org/skyscreamer/jsonassert/1.5.0/jsonassert-1.5.0.jar:/Users/sergiocuencanunez/.m2/repository/com/vaadin/external/google/android-json/0.0.20131108.vaadin1/android-json-0.0.20131108.vaadin1.jar:/Users/sergiocuencanunez/.m2/repository/org/springframework/spring-core/5.3.17/spring-core-5.3.17.jar:/Users/sergiocuencanunez/.m2/repository/org/springframework/spring-jcl/5.3.17/spring-jcl-5.3.17.jar:/Users/sergiocuencanunez/.m2/repository/org/springframework/spring-test/5.3.17/spring-test-5.3.17.jar:/Users/sergiocuencanunez/.m2/repository/org/xmlunit/xmlunit-core/2.8.4/xmlunit-core-2.8.4.jar:/Users/sergiocuencanunez/.m2/repository/com/github/migangqui/serveo-spring-boot-starter/1.1/serveo-spring-boot-starter-1.1.jar:/Users/sergiocuencanunez/.m2/repository/org/apache/commons/commons-lang3/3.12.0/commons-lang3-3.12.0.jar:/Users/sergiocuencanunez/.m2/repository/com/github/migangqui/spring-boot-starter-serveo/1.1/spring-boot-starter-serveo-1.1.jar:"/>
    <property name="sun.cpu.endian" value="little"/>
    <property name="user.home" value="/Users/sergiocuencanunez"/>
    <property name="user.language" value="es"/>
    <property name="java.specification.vendor" value="Oracle Corporation"/>
    <property name="java.version.date" value="2022-01-18"/>
    <property name="java.home" value="/Library/Java/JavaVirtualMachines/jdk-17.0.2.jdk/Contents/Home"/>
    <property name="file.separator" value="/"/>
    <property name="basedir" value="/Users/sergiocuencanunez/Documents/ICAI/3º GITT+BA/Asignaturas/2º Cuatrimestre/PAT | Programación de Aplicaciones Telemáticas/Prácticas/Práctica Final"/>
    <property name="java.vm.compressedOopsMode" value="Zero based"/>
    <property name="line.separator" value="&#10;"/>
    <property name="java.specification.name" value="Java Platform API Specification"/>
<<<<<<< HEAD
    <property name="surefire.real.class.path" value="C:\Users\Elena\AppData\Local\Temp\surefire4727501545229932026\surefirebooter17226221282308457886.jar"/>
    <property name="user.script" value=""/>
=======
    <property name="java.vm.specification.vendor" value="Oracle Corporation"/>
    <property name="surefire.real.class.path" value="/Users/sergiocuencanunez/Documents/ICAI/3º GITT+BA/Asignaturas/2º Cuatrimestre/PAT | Programación de Aplicaciones Telemáticas/Prácticas/Práctica Final/target/surefire/surefirebooter9026569927503203756.jar"/>
>>>>>>> 24980695be28da70db21e46872ae65b0e59e49ea
    <property name="sun.management.compiler" value="HotSpot 64-Bit Tiered Compilers"/>
    <property name="ftp.nonProxyHosts" value="local|*.local|169.254/16|*.169.254/16"/>
    <property name="java.runtime.version" value="17.0.2+8-LTS-86"/>
    <property name="user.name" value="sergiocuencanunez"/>
    <property name="path.separator" value=":"/>
    <property name="os.version" value="12.3.1"/>
    <property name="java.runtime.name" value="Java(TM) SE Runtime Environment"/>
    <property name="file.encoding" value="UTF-8"/>
    <property name="java.vm.name" value="Java HotSpot(TM) 64-Bit Server VM"/>
    <property name="localRepository" value="/Users/sergiocuencanunez/.m2/repository"/>
    <property name="java.vendor.url.bug" value="https://bugreport.java.com/bugreport/"/>
    <property name="java.io.tmpdir" value="/var/folders/ps/6sp6yv3x0ls96dst6g5f8sn00000gp/T/"/>
    <property name="java.version" value="17.0.2"/>
    <property name="user.dir" value="/Users/sergiocuencanunez/Documents/ICAI/3º GITT+BA/Asignaturas/2º Cuatrimestre/PAT | Programación de Aplicaciones Telemáticas/Prácticas/Práctica Final"/>
    <property name="os.arch" value="aarch64"/>
    <property name="java.vm.specification.name" value="Java Virtual Machine Specification"/>
    <property name="native.encoding" value="UTF-8"/>
    <property name="java.library.path" value="/Users/sergiocuencanunez/Library/Java/Extensions:/Library/Java/Extensions:/Network/Library/Java/Extensions:/System/Library/Java/Extensions:/usr/lib/java:."/>
    <property name="java.vm.info" value="mixed mode, sharing"/>
    <property name="java.vendor" value="Oracle Corporation"/>
    <property name="java.vm.version" value="17.0.2+8-LTS-86"/>
    <property name="sun.io.unicode.encoding" value="UnicodeBig"/>
    <property name="socksNonProxyHosts" value="local|*.local|169.254/16|*.169.254/16"/>
    <property name="java.class.version" value="61.0"/>
  </properties>
<<<<<<< HEAD
  <testcase name="insertarMensajes_ko" classname="com.example.demo.controller.ContactoControllerTest" time="0.744"/>
  <testcase name="insertarMensajes_ok" classname="com.example.demo.controller.ContactoControllerTest" time="0.038"/>
  <testcase name="insertarSuscripcion_ko" classname="com.example.demo.controller.ContactoControllerTest" time="0.062"/>
  <testcase name="insertarSuscripcion_ok" classname="com.example.demo.controller.ContactoControllerTest" time="0.152">
    <failure message="&#10;expected: 200 OK&#10; but was: 500 INTERNAL_SERVER_ERROR" type="org.opentest4j.AssertionFailedError">org.opentest4j.AssertionFailedError: 

expected: 200 OK
 but was: 500 INTERNAL_SERVER_ERROR
	at com.example.demo.controller.ContactoControllerTest.insertarSuscripcion_ok(ContactoControllerTest.java:90)
</failure>
    <system-out><![CDATA[&amp#27;[2m2022-05-04 16:42:30.430&amp#27;[0;39m &amp#27;[32mDEBUG&amp#27;[0;39m &amp#27;[35m2416&amp#27;[0;39m &amp#27;[2m---&amp#27;[0;39m &amp#27;[2m[o-auto-1-exec-6]&amp#27;[0;39m &amp#27;[36mo.s.jdbc.core.JdbcTemplate              &amp#27;[0;39m &amp#27;[2m:&amp#27;[0;39m Executing prepared SQL query
&amp#27;[2m2022-05-04 16:42:30.430&amp#27;[0;39m &amp#27;[32mDEBUG&amp#27;[0;39m &amp#27;[35m2416&amp#27;[0;39m &amp#27;[2m---&amp#27;[0;39m &amp#27;[2m[o-auto-1-exec-6]&amp#27;[0;39m &amp#27;[36mo.s.jdbc.core.JdbcTemplate              &amp#27;[0;39m &amp#27;[2m:&amp#27;[0;39m Executing prepared SQL statement [SELECT CORREO FROM USUARIO]
&amp#27;[2m2022-05-04 16:42:30.430&amp#27;[0;39m &amp#27;[32mDEBUG&amp#27;[0;39m &amp#27;[35m2416&amp#27;[0;39m &amp#27;[2m---&amp#27;[0;39m &amp#27;[2m[o-auto-1-exec-6]&amp#27;[0;39m &amp#27;[36mo.s.jdbc.core.JdbcTemplate              &amp#27;[0;39m &amp#27;[2m:&amp#27;[0;39m Executing prepared SQL query
&amp#27;[2m2022-05-04 16:42:30.430&amp#27;[0;39m &amp#27;[32mDEBUG&amp#27;[0;39m &amp#27;[35m2416&amp#27;[0;39m &amp#27;[2m---&amp#27;[0;39m &amp#27;[2m[o-auto-1-exec-6]&amp#27;[0;39m &amp#27;[36mo.s.jdbc.core.JdbcTemplate              &amp#27;[0;39m &amp#27;[2m:&amp#27;[0;39m Executing prepared SQL statement [SELECT CORREO FROM CONTACTO]
&amp#27;[2m2022-05-04 16:42:30.430&amp#27;[0;39m &amp#27;[32mDEBUG&amp#27;[0;39m &amp#27;[35m2416&amp#27;[0;39m &amp#27;[2m---&amp#27;[0;39m &amp#27;[2m[o-auto-1-exec-6]&amp#27;[0;39m &amp#27;[36mo.s.jdbc.core.JdbcTemplate              &amp#27;[0;39m &amp#27;[2m:&amp#27;[0;39m Executing prepared SQL update
&amp#27;[2m2022-05-04 16:42:30.430&amp#27;[0;39m &amp#27;[32mDEBUG&amp#27;[0;39m &amp#27;[35m2416&amp#27;[0;39m &amp#27;[2m---&amp#27;[0;39m &amp#27;[2m[o-auto-1-exec-6]&amp#27;[0;39m &amp#27;[36mo.s.jdbc.core.JdbcTemplate              &amp#27;[0;39m &amp#27;[2m:&amp#27;[0;39m Executing prepared SQL statement [INSERT INTO CONTACTO (NUMERO, CORREO, NOMBRE, MENSAJE) VALUES (?,?,?,?)]
&amp#27;[2m2022-05-04 16:42:30.430&amp#27;[0;39m &amp#27;[32mTRACE&amp#27;[0;39m &amp#27;[35m2416&amp#27;[0;39m &amp#27;[2m---&amp#27;[0;39m &amp#27;[2m[o-auto-1-exec-6]&amp#27;[0;39m &amp#27;[36mo.s.jdbc.core.StatementCreatorUtils     &amp#27;[0;39m &amp#27;[2m:&amp#27;[0;39m Setting SQL statement parameter value: column index 1, parameter value [4], value class [java.lang.Long], SQL type -5
&amp#27;[2m2022-05-04 16:42:30.430&amp#27;[0;39m &amp#27;[32mTRACE&amp#27;[0;39m &amp#27;[35m2416&amp#27;[0;39m &amp#27;[2m---&amp#27;[0;39m &amp#27;[2m[o-auto-1-exec-6]&amp#27;[0;39m &amp#27;[36mo.s.jdbc.core.StatementCreatorUtils     &amp#27;[0;39m &amp#27;[2m:&amp#27;[0;39m Setting SQL statement parameter value: column index 2, parameter value [elena@gmail.com], value class [java.lang.String], SQL type 12
&amp#27;[2m2022-05-04 16:42:30.430&amp#27;[0;39m &amp#27;[32mTRACE&amp#27;[0;39m &amp#27;[35m2416&amp#27;[0;39m &amp#27;[2m---&amp#27;[0;39m &amp#27;[2m[o-auto-1-exec-6]&amp#27;[0;39m &amp#27;[36mo.s.jdbc.core.StatementCreatorUtils     &amp#27;[0;39m &amp#27;[2m:&amp#27;[0;39m Setting SQL statement parameter value: column index 3, parameter value [Elena], value class [java.lang.String], SQL type 12
&amp#27;[2m2022-05-04 16:42:30.430&amp#27;[0;39m &amp#27;[32mTRACE&amp#27;[0;39m &amp#27;[35m2416&amp#27;[0;39m &amp#27;[2m---&amp#27;[0;39m &amp#27;[2m[o-auto-1-exec-6]&amp#27;[0;39m &amp#27;[36mo.s.jdbc.core.StatementCreatorUtils     &amp#27;[0;39m &amp#27;[2m:&amp#27;[0;39m Setting SQL statement parameter value: column index 4, parameter value [Prueba Fallida Testing], value class [java.lang.String], SQL type 12
&amp#27;[2m2022-05-04 16:42:30.531&amp#27;[0;39m &amp#27;[31mERROR&amp#27;[0;39m &amp#27;[35m2416&amp#27;[0;39m &amp#27;[2m---&amp#27;[0;39m &amp#27;[2m[o-auto-1-exec-6]&amp#27;[0;39m &amp#27;[36mo.a.c.c.C.[.[.[/].[dispatcherServlet]   &amp#27;[0;39m &amp#27;[2m:&amp#27;[0;39m Servlet.service() for servlet [dispatcherServlet] in context with path [] threw exception [Request processing failed; nested exception is org.springframework.dao.DuplicateKeyException: PreparedStatementCallback; SQL [INSERT INTO CONTACTO (NUMERO, CORREO, NOMBRE, MENSAJE) VALUES (?,?,?,?)]; Violación de indice de Unicidad ó Clave primaria: "PRIMARY KEY ON PUBLIC.CONTACTO(NUMERO) [4, 'javier_barneda@gmail.com', 'Javier', STRINGDECODE('Querria saber m\u00e1s informaci\u00f3n acerca del hotel Melia Madrid Princesa. Gracias')]"
Unique index or primary key violation: "PRIMARY KEY ON PUBLIC.CONTACTO(NUMERO) [4, 'javier_barneda@gmail.com', 'Javier', STRINGDECODE('Querria saber m\u00e1s informaci\u00f3n acerca del hotel Melia Madrid Princesa. Gracias')]"; SQL statement:
INSERT INTO CONTACTO (NUMERO, CORREO, NOMBRE, MENSAJE) VALUES (?,?,?,?) [23505-200]; nested exception is org.h2.jdbc.JdbcSQLIntegrityConstraintViolationException: Violación de indice de Unicidad ó Clave primaria: "PRIMARY KEY ON PUBLIC.CONTACTO(NUMERO) [4, 'javier_barneda@gmail.com', 'Javier', STRINGDECODE('Querria saber m\u00e1s informaci\u00f3n acerca del hotel Melia Madrid Princesa. Gracias')]"
Unique index or primary key violation: "PRIMARY KEY ON PUBLIC.CONTACTO(NUMERO) [4, 'javier_barneda@gmail.com', 'Javier', STRINGDECODE('Querria saber m\u00e1s informaci\u00f3n acerca del hotel Melia Madrid Princesa. Gracias')]"; SQL statement:
INSERT INTO CONTACTO (NUMERO, CORREO, NOMBRE, MENSAJE) VALUES (?,?,?,?) [23505-200]] with root cause

org.h2.jdbc.JdbcSQLIntegrityConstraintViolationException: Violación de indice de Unicidad ó Clave primaria: "PRIMARY KEY ON PUBLIC.CONTACTO(NUMERO) [4, 'javier_barneda@gmail.com', 'Javier', STRINGDECODE('Querria saber m\u00e1s informaci\u00f3n acerca del hotel Melia Madrid Princesa. Gracias')]"
Unique index or primary key violation: "PRIMARY KEY ON PUBLIC.CONTACTO(NUMERO) [4, 'javier_barneda@gmail.com', 'Javier', STRINGDECODE('Querria saber m\u00e1s informaci\u00f3n acerca del hotel Melia Madrid Princesa. Gracias')]"; SQL statement:
INSERT INTO CONTACTO (NUMERO, CORREO, NOMBRE, MENSAJE) VALUES (?,?,?,?) [23505-200]
	at org.h2.message.DbException.getJdbcSQLException(DbException.java:459) ~[h2-1.4.200.jar:1.4.200]
	at org.h2.message.DbException.getJdbcSQLException(DbException.java:429) ~[h2-1.4.200.jar:1.4.200]
	at org.h2.message.DbException.get(DbException.java:205) ~[h2-1.4.200.jar:1.4.200]
	at org.h2.message.DbException.get(DbException.java:181) ~[h2-1.4.200.jar:1.4.200]
	at org.h2.mvstore.db.MVPrimaryIndex.add(MVPrimaryIndex.java:127) ~[h2-1.4.200.jar:1.4.200]
	at org.h2.mvstore.db.MVTable.addRow(MVTable.java:531) ~[h2-1.4.200.jar:1.4.200]
	at org.h2.command.dml.Insert.insertRows(Insert.java:195) ~[h2-1.4.200.jar:1.4.200]
	at org.h2.command.dml.Insert.update(Insert.java:151) ~[h2-1.4.200.jar:1.4.200]
	at org.h2.command.CommandContainer.update(CommandContainer.java:198) ~[h2-1.4.200.jar:1.4.200]
	at org.h2.command.Command.executeUpdate(Command.java:251) ~[h2-1.4.200.jar:1.4.200]
	at org.h2.jdbc.JdbcPreparedStatement.executeUpdateInternal(JdbcPreparedStatement.java:191) ~[h2-1.4.200.jar:1.4.200]
	at org.h2.jdbc.JdbcPreparedStatement.executeUpdate(JdbcPreparedStatement.java:152) ~[h2-1.4.200.jar:1.4.200]
	at com.zaxxer.hikari.pool.ProxyPreparedStatement.executeUpdate(ProxyPreparedStatement.java:61) ~[HikariCP-4.0.3.jar:na]
	at com.zaxxer.hikari.pool.HikariProxyPreparedStatement.executeUpdate(HikariProxyPreparedStatement.java) ~[HikariCP-4.0.3.jar:na]
	at org.springframework.jdbc.core.JdbcTemplate.lambda$update$2(JdbcTemplate.java:965) ~[spring-jdbc-5.3.17.jar:5.3.17]
	at org.springframework.jdbc.core.JdbcTemplate.execute(JdbcTemplate.java:651) ~[spring-jdbc-5.3.17.jar:5.3.17]
	at org.springframework.jdbc.core.JdbcTemplate.update(JdbcTemplate.java:960) ~[spring-jdbc-5.3.17.jar:5.3.17]
	at org.springframework.jdbc.core.JdbcTemplate.update(JdbcTemplate.java:981) ~[spring-jdbc-5.3.17.jar:5.3.17]
	at org.springframework.jdbc.core.namedparam.NamedParameterJdbcTemplate.update(NamedParameterJdbcTemplate.java:328) ~[spring-jdbc-5.3.17.jar:5.3.17]
	at org.springframework.data.jdbc.repository.query.AbstractJdbcQuery.lambda$createModifyingQueryExecutor$0(AbstractJdbcQuery.java:108) ~[spring-data-jdbc-2.3.3.jar:2.3.3]
	at org.springframework.data.jdbc.repository.query.StringBasedJdbcQuery.execute(StringBasedJdbcQuery.java:131) ~[spring-data-jdbc-2.3.3.jar:2.3.3]
	at org.springframework.data.repository.core.support.RepositoryMethodInvoker.doInvoke(RepositoryMethodInvoker.java:137) ~[spring-data-commons-2.6.3.jar:2.6.3]
	at org.springframework.data.repository.core.support.RepositoryMethodInvoker.invoke(RepositoryMethodInvoker.java:121) ~[spring-data-commons-2.6.3.jar:2.6.3]
	at org.springframework.data.repository.core.support.QueryExecutorMethodInterceptor.doInvoke(QueryExecutorMethodInterceptor.java:159) ~[spring-data-commons-2.6.3.jar:2.6.3]
	at org.springframework.data.repository.core.support.QueryExecutorMethodInterceptor.invoke(QueryExecutorMethodInterceptor.java:138) ~[spring-data-commons-2.6.3.jar:2.6.3]
	at org.springframework.aop.framework.ReflectiveMethodInvocation.proceed(ReflectiveMethodInvocation.java:186) ~[spring-aop-5.3.17.jar:5.3.17]
	at org.springframework.transaction.interceptor.TransactionInterceptor$1.proceedWithInvocation(TransactionInterceptor.java:123) ~[spring-tx-5.3.17.jar:5.3.17]
	at org.springframework.transaction.interceptor.TransactionAspectSupport.invokeWithinTransaction(TransactionAspectSupport.java:388) ~[spring-tx-5.3.17.jar:5.3.17]
	at org.springframework.transaction.interceptor.TransactionInterceptor.invoke(TransactionInterceptor.java:119) ~[spring-tx-5.3.17.jar:5.3.17]
	at org.springframework.aop.framework.ReflectiveMethodInvocation.proceed(ReflectiveMethodInvocation.java:186) ~[spring-aop-5.3.17.jar:5.3.17]
	at org.springframework.dao.support.PersistenceExceptionTranslationInterceptor.invoke(PersistenceExceptionTranslationInterceptor.java:137) ~[spring-tx-5.3.17.jar:5.3.17]
	at org.springframework.aop.framework.ReflectiveMethodInvocation.proceed(ReflectiveMethodInvocation.java:186) ~[spring-aop-5.3.17.jar:5.3.17]
	at org.springframework.aop.interceptor.ExposeInvocationInterceptor.invoke(ExposeInvocationInterceptor.java:97) ~[spring-aop-5.3.17.jar:5.3.17]
	at org.springframework.aop.framework.ReflectiveMethodInvocation.proceed(ReflectiveMethodInvocation.java:186) ~[spring-aop-5.3.17.jar:5.3.17]
	at org.springframework.aop.framework.JdkDynamicAopProxy.invoke(JdkDynamicAopProxy.java:215) ~[spring-aop-5.3.17.jar:5.3.17]
	at jdk.proxy2/jdk.proxy2.$Proxy88.insertarContacto(Unknown Source) ~[na:na]
	at com.example.demo.service.impl.ContactoServiceImpl.insertContacto(ContactoServiceImpl.java:63) ~[classes/:na]
	at com.example.demo.service.impl.ContactoServiceImpl$$FastClassBySpringCGLIB$$bc3f224b.invoke(<generated>) ~[classes/:na]
	at org.springframework.cglib.proxy.MethodProxy.invoke(MethodProxy.java:218) ~[spring-core-5.3.17.jar:5.3.17]
	at org.springframework.aop.framework.CglibAopProxy$CglibMethodInvocation.invokeJoinpoint(CglibAopProxy.java:783) ~[spring-aop-5.3.17.jar:5.3.17]
	at org.springframework.aop.framework.ReflectiveMethodInvocation.proceed(ReflectiveMethodInvocation.java:163) ~[spring-aop-5.3.17.jar:5.3.17]
	at org.springframework.aop.framework.CglibAopProxy$CglibMethodInvocation.proceed(CglibAopProxy.java:753) ~[spring-aop-5.3.17.jar:5.3.17]
	at org.springframework.transaction.interceptor.TransactionInterceptor$1.proceedWithInvocation(TransactionInterceptor.java:123) ~[spring-tx-5.3.17.jar:5.3.17]
	at org.springframework.transaction.interceptor.TransactionAspectSupport.invokeWithinTransaction(TransactionAspectSupport.java:388) ~[spring-tx-5.3.17.jar:5.3.17]
	at org.springframework.transaction.interceptor.TransactionInterceptor.invoke(TransactionInterceptor.java:119) ~[spring-tx-5.3.17.jar:5.3.17]
	at org.springframework.aop.framework.ReflectiveMethodInvocation.proceed(ReflectiveMethodInvocation.java:186) ~[spring-aop-5.3.17.jar:5.3.17]
	at org.springframework.aop.framework.CglibAopProxy$CglibMethodInvocation.proceed(CglibAopProxy.java:753) ~[spring-aop-5.3.17.jar:5.3.17]
	at org.springframework.aop.framework.CglibAopProxy$DynamicAdvisedInterceptor.intercept(CglibAopProxy.java:698) ~[spring-aop-5.3.17.jar:5.3.17]
	at com.example.demo.service.impl.ContactoServiceImpl$$EnhancerBySpringCGLIB$$39bb4b01.insertContacto(<generated>) ~[classes/:na]
	at com.example.demo.service.impl.LoginServiceImpl.suscripcionContacto(LoginServiceImpl.java:119) ~[classes/:na]
	at com.example.demo.controller.ContactoController.insertSuscripcionContacto(ContactoController.java:87) ~[classes/:na]
	at com.example.demo.controller.ContactoController$$FastClassBySpringCGLIB$$f57c13c3.invoke(<generated>) ~[classes/:na]
	at org.springframework.cglib.proxy.MethodProxy.invoke(MethodProxy.java:218) ~[spring-core-5.3.17.jar:5.3.17]
	at org.springframework.aop.framework.CglibAopProxy$CglibMethodInvocation.invokeJoinpoint(CglibAopProxy.java:783) ~[spring-aop-5.3.17.jar:5.3.17]
	at org.springframework.aop.framework.ReflectiveMethodInvocation.proceed(ReflectiveMethodInvocation.java:163) ~[spring-aop-5.3.17.jar:5.3.17]
	at org.springframework.aop.framework.CglibAopProxy$CglibMethodInvocation.proceed(CglibAopProxy.java:753) ~[spring-aop-5.3.17.jar:5.3.17]
	at org.springframework.transaction.interceptor.TransactionInterceptor$1.proceedWithInvocation(TransactionInterceptor.java:123) ~[spring-tx-5.3.17.jar:5.3.17]
	at org.springframework.transaction.interceptor.TransactionAspectSupport.invokeWithinTransaction(TransactionAspectSupport.java:388) ~[spring-tx-5.3.17.jar:5.3.17]
	at org.springframework.transaction.interceptor.TransactionInterceptor.invoke(TransactionInterceptor.java:119) ~[spring-tx-5.3.17.jar:5.3.17]
	at org.springframework.aop.framework.ReflectiveMethodInvocation.proceed(ReflectiveMethodInvocation.java:186) ~[spring-aop-5.3.17.jar:5.3.17]
	at org.springframework.aop.framework.CglibAopProxy$CglibMethodInvocation.proceed(CglibAopProxy.java:753) ~[spring-aop-5.3.17.jar:5.3.17]
	at org.springframework.aop.framework.CglibAopProxy$DynamicAdvisedInterceptor.intercept(CglibAopProxy.java:698) ~[spring-aop-5.3.17.jar:5.3.17]
	at com.example.demo.controller.ContactoController$$EnhancerBySpringCGLIB$$2778ca69.insertSuscripcionContacto(<generated>) ~[classes/:na]
	at java.base/jdk.internal.reflect.NativeMethodAccessorImpl.invoke0(Native Method) ~[na:na]
	at java.base/jdk.internal.reflect.NativeMethodAccessorImpl.invoke(NativeMethodAccessorImpl.java:77) ~[na:na]
	at java.base/jdk.internal.reflect.DelegatingMethodAccessorImpl.invoke(DelegatingMethodAccessorImpl.java:43) ~[na:na]
	at java.base/java.lang.reflect.Method.invoke(Method.java:568) ~[na:na]
	at org.springframework.web.method.support.InvocableHandlerMethod.doInvoke(InvocableHandlerMethod.java:205) ~[spring-web-5.3.17.jar:5.3.17]
	at org.springframework.web.method.support.InvocableHandlerMethod.invokeForRequest(InvocableHandlerMethod.java:150) ~[spring-web-5.3.17.jar:5.3.17]
	at org.springframework.web.servlet.mvc.method.annotation.ServletInvocableHandlerMethod.invokeAndHandle(ServletInvocableHandlerMethod.java:117) ~[spring-webmvc-5.3.17.jar:5.3.17]
	at org.springframework.web.servlet.mvc.method.annotation.RequestMappingHandlerAdapter.invokeHandlerMethod(RequestMappingHandlerAdapter.java:895) ~[spring-webmvc-5.3.17.jar:5.3.17]
	at org.springframework.web.servlet.mvc.method.annotation.RequestMappingHandlerAdapter.handleInternal(RequestMappingHandlerAdapter.java:808) ~[spring-webmvc-5.3.17.jar:5.3.17]
	at org.springframework.web.servlet.mvc.method.AbstractHandlerMethodAdapter.handle(AbstractHandlerMethodAdapter.java:87) ~[spring-webmvc-5.3.17.jar:5.3.17]
	at org.springframework.web.servlet.DispatcherServlet.doDispatch(DispatcherServlet.java:1067) ~[spring-webmvc-5.3.17.jar:5.3.17]
	at org.springframework.web.servlet.DispatcherServlet.doService(DispatcherServlet.java:963) ~[spring-webmvc-5.3.17.jar:5.3.17]
	at org.springframework.web.servlet.FrameworkServlet.processRequest(FrameworkServlet.java:1006) ~[spring-webmvc-5.3.17.jar:5.3.17]
	at org.springframework.web.servlet.FrameworkServlet.doPost(FrameworkServlet.java:909) ~[spring-webmvc-5.3.17.jar:5.3.17]
	at javax.servlet.http.HttpServlet.service(HttpServlet.java:681) ~[tomcat-embed-core-9.0.60.jar:4.0.FR]
	at org.springframework.web.servlet.FrameworkServlet.service(FrameworkServlet.java:883) ~[spring-webmvc-5.3.17.jar:5.3.17]
	at javax.servlet.http.HttpServlet.service(HttpServlet.java:764) ~[tomcat-embed-core-9.0.60.jar:4.0.FR]
	at org.apache.catalina.core.ApplicationFilterChain.internalDoFilter(ApplicationFilterChain.java:227) ~[tomcat-embed-core-9.0.60.jar:9.0.60]
	at org.apache.catalina.core.ApplicationFilterChain.doFilter(ApplicationFilterChain.java:162) ~[tomcat-embed-core-9.0.60.jar:9.0.60]
	at org.apache.tomcat.websocket.server.WsFilter.doFilter(WsFilter.java:53) ~[tomcat-embed-websocket-9.0.60.jar:9.0.60]
	at org.apache.catalina.core.ApplicationFilterChain.internalDoFilter(ApplicationFilterChain.java:189) ~[tomcat-embed-core-9.0.60.jar:9.0.60]
	at org.apache.catalina.core.ApplicationFilterChain.doFilter(ApplicationFilterChain.java:162) ~[tomcat-embed-core-9.0.60.jar:9.0.60]
	at org.springframework.web.filter.RequestContextFilter.doFilterInternal(RequestContextFilter.java:100) ~[spring-web-5.3.17.jar:5.3.17]
	at org.springframework.web.filter.OncePerRequestFilter.doFilter(OncePerRequestFilter.java:117) ~[spring-web-5.3.17.jar:5.3.17]
	at org.apache.catalina.core.ApplicationFilterChain.internalDoFilter(ApplicationFilterChain.java:189) ~[tomcat-embed-core-9.0.60.jar:9.0.60]
	at org.apache.catalina.core.ApplicationFilterChain.doFilter(ApplicationFilterChain.java:162) ~[tomcat-embed-core-9.0.60.jar:9.0.60]
	at org.springframework.web.filter.FormContentFilter.doFilterInternal(FormContentFilter.java:93) ~[spring-web-5.3.17.jar:5.3.17]
	at org.springframework.web.filter.OncePerRequestFilter.doFilter(OncePerRequestFilter.java:117) ~[spring-web-5.3.17.jar:5.3.17]
	at org.apache.catalina.core.ApplicationFilterChain.internalDoFilter(ApplicationFilterChain.java:189) ~[tomcat-embed-core-9.0.60.jar:9.0.60]
	at org.apache.catalina.core.ApplicationFilterChain.doFilter(ApplicationFilterChain.java:162) ~[tomcat-embed-core-9.0.60.jar:9.0.60]
	at org.springframework.web.filter.CharacterEncodingFilter.doFilterInternal(CharacterEncodingFilter.java:201) ~[spring-web-5.3.17.jar:5.3.17]
	at org.springframework.web.filter.OncePerRequestFilter.doFilter(OncePerRequestFilter.java:117) ~[spring-web-5.3.17.jar:5.3.17]
	at org.apache.catalina.core.ApplicationFilterChain.internalDoFilter(ApplicationFilterChain.java:189) ~[tomcat-embed-core-9.0.60.jar:9.0.60]
	at org.apache.catalina.core.ApplicationFilterChain.doFilter(ApplicationFilterChain.java:162) ~[tomcat-embed-core-9.0.60.jar:9.0.60]
	at org.apache.catalina.core.StandardWrapperValve.invoke(StandardWrapperValve.java:197) ~[tomcat-embed-core-9.0.60.jar:9.0.60]
	at org.apache.catalina.core.StandardContextValve.invoke(StandardContextValve.java:97) ~[tomcat-embed-core-9.0.60.jar:9.0.60]
	at org.apache.catalina.authenticator.AuthenticatorBase.invoke(AuthenticatorBase.java:541) ~[tomcat-embed-core-9.0.60.jar:9.0.60]
	at org.apache.catalina.core.StandardHostValve.invoke(StandardHostValve.java:135) ~[tomcat-embed-core-9.0.60.jar:9.0.60]
	at org.apache.catalina.valves.ErrorReportValve.invoke(ErrorReportValve.java:92) ~[tomcat-embed-core-9.0.60.jar:9.0.60]
	at org.apache.catalina.core.StandardEngineValve.invoke(StandardEngineValve.java:78) ~[tomcat-embed-core-9.0.60.jar:9.0.60]
	at org.apache.catalina.connector.CoyoteAdapter.service(CoyoteAdapter.java:360) ~[tomcat-embed-core-9.0.60.jar:9.0.60]
	at org.apache.coyote.http11.Http11Processor.service(Http11Processor.java:399) ~[tomcat-embed-core-9.0.60.jar:9.0.60]
	at org.apache.coyote.AbstractProcessorLight.process(AbstractProcessorLight.java:65) ~[tomcat-embed-core-9.0.60.jar:9.0.60]
	at org.apache.coyote.AbstractProtocol$ConnectionHandler.process(AbstractProtocol.java:889) ~[tomcat-embed-core-9.0.60.jar:9.0.60]
	at org.apache.tomcat.util.net.NioEndpoint$SocketProcessor.doRun(NioEndpoint.java:1743) ~[tomcat-embed-core-9.0.60.jar:9.0.60]
	at org.apache.tomcat.util.net.SocketProcessorBase.run(SocketProcessorBase.java:49) ~[tomcat-embed-core-9.0.60.jar:9.0.60]
	at org.apache.tomcat.util.threads.ThreadPoolExecutor.runWorker(ThreadPoolExecutor.java:1191) ~[tomcat-embed-core-9.0.60.jar:9.0.60]
	at org.apache.tomcat.util.threads.ThreadPoolExecutor$Worker.run(ThreadPoolExecutor.java:659) ~[tomcat-embed-core-9.0.60.jar:9.0.60]
	at org.apache.tomcat.util.threads.TaskThread$WrappingRunnable.run(TaskThread.java:61) ~[tomcat-embed-core-9.0.60.jar:9.0.60]
	at java.base/java.lang.Thread.run(Thread.java:833) ~[na:na]

]]></system-out>
  </testcase>
=======
  <testcase name="insertarMensajes_ok" classname="com.example.demo.controller.ContactoControllerTest" time="0.294"/>
>>>>>>> 24980695be28da70db21e46872ae65b0e59e49ea
</testsuite>